<?xml version="1.0" encoding="UTF-8"?>
<!-- Generated by org.testng.reporters.JUnitReportReporter -->
<testsuite skipped="0" hostname="santosh-priti" name="com.comcast.conatcttest.DeleteCoantctTest" tests="1" failures="0" timestamp="22 Dec 2020 09:38:07 GMT" time="14.229" errors="0">
  <testcase name="createConatctWithORg" time="14.229" classname="com.comcast.conatcttest.DeleteCoantctTest"/>
</testsuite> <!-- com.comcast.conatcttest.DeleteCoantctTest -->
