<?xml version="1.0" encoding="UTF-8"?>
<!-- Generated by org.testng.reporters.JUnitReportReporter -->
<testsuite skipped="0" hostname="santosh-rati" name="com.comcast.conatcttest.CreateNewLeadByAssignTo" tests="1" failures="0" timestamp="17 Dec 2020 07:03:06 GMT" time="69.371" errors="0">
  <testcase name="CreateNewLeadByAssignTo" time="69.371" classname="com.comcast.conatcttest.CreateNewLeadByAssignTo"/>
</testsuite> <!-- com.comcast.conatcttest.CreateNewLeadByAssignTo -->
