<?xml version="1.0" encoding="UTF-8"?>
<!-- Generated by org.testng.reporters.JUnitReportReporter -->
<testsuite skipped="0" hostname="santosh-rati" name="com.comcast.conatcttest.CreateLeadWithAnnualRevenue" tests="1" failures="0" timestamp="17 Dec 2020 16:02:10 GMT" time="52.955" errors="0">
  <testcase name="CreateLeadWithAnnualRevenue" time="52.955" classname="com.comcast.conatcttest.CreateLeadWithAnnualRevenue"/>
</testsuite> <!-- com.comcast.conatcttest.CreateLeadWithAnnualRevenue -->
